<?xml version="1.0" encoding="UTF-8"?>
<testsuite xmlns:xsi="http://www.w3.org/2001/XMLSchema-instance" xsi:noNamespaceSchemaLocation="https://maven.apache.org/surefire/maven-surefire-plugin/xsd/surefire-test-report-3.0.xsd" version="3.0" name="bdd_exercise.RunCucumberTest" time="0.237" tests="4" errors="0" skipped="0" failures="0">
  <properties>
[...]
</properties>
  <testcase name="Retrieve balances for a specific NatWest client account" classname="Get Account Details" time="0.071">
    <system-out><![CDATA[
Scenario: Retrieve balances for a specific NatWest client account &amp#27;[90m# bdd_exercise/cucumber/example.feature:3&amp#27;[0m
  &amp#27;[32mGiven &amp#27;[0m&amp#27;[32man example scenario&amp#27;[0m                                       &amp#27;[90m# bdd_exercise.StepDefinitions.anExampleScenario()&amp#27;[0m
  &amp#27;[32mWhen &amp#27;[0m&amp#27;[32mall step definitions are implemented&amp#27;[0m                       &amp#27;[90m# bdd_exercise.StepDefinitions.allStepDefinitionsAreImplemented()&amp#27;[0m
  &amp#27;[32mThen &amp#27;[0m&amp#27;[32mthe scenario passes&amp#27;[0m                                        &amp#27;[90m# bdd_exercise.StepDefinitions.theScenarioPasses()&amp#27;[0m
]]></system-out>
  </testcase>
  <testcase name="Retrieve beneficiaries for a specific NatWest client account" classname="Get Account Details" time="0.003">
    <system-out><![CDATA[
Scenario: Retrieve beneficiaries for a specific NatWest client account &amp#27;[90m# bdd_exercise/cucumber/example.feature:8&amp#27;[0m
  &amp#27;[32mGiven &amp#27;[0m&amp#27;[32man example scenario&amp#27;[0m                                            &amp#27;[90m# bdd_exercise.StepDefinitions.anExampleScenario()&amp#27;[0m
  &amp#27;[32mWhen &amp#27;[0m&amp#27;[32mall step definitions are implemented&amp#27;[0m                            &amp#27;[90m# bdd_exercise.StepDefinitions.allStepDefinitionsAreImplemented()&amp#27;[0m
  &amp#27;[32mThen &amp#27;[0m&amp#27;[32mthe scenario passes&amp#27;[0m                                             &amp#27;[90m# bdd_exercise.StepDefinitions.theScenarioPasses()&amp#27;[0m
]]></system-out>
  </testcase>
  <testcase name="Retrieve direct debits for a specific NatWest client account" classname="Get Account Details" time="0.013">
    <system-out><![CDATA[
Scenario: Retrieve direct debits for a specific NatWest client account &amp#27;[90m# bdd_exercise/cucumber/example.feature:13&amp#27;[0m
  &amp#27;[32mGiven &amp#27;[0m&amp#27;[32man example scenario&amp#27;[0m                                            &amp#27;[90m# bdd_exercise.StepDefinitions.anExampleScenario()&amp#27;[0m
  &amp#27;[32mWhen &amp#27;[0m&amp#27;[32mall step definitions are implemented&amp#27;[0m                            &amp#27;[90m# bdd_exercise.StepDefinitions.allStepDefinitionsAreImplemented()&amp#27;[0m
  &amp#27;[32mThen &amp#27;[0m&amp#27;[32mthe scenario passes&amp#27;[0m                                             &amp#27;[90m# bdd_exercise.StepDefinitions.theScenarioPasses()&amp#27;[0m
]]></system-out>
  </testcase>
  <testcase name="Retrieve offers for a specific NatWest client account" classname="Get Account Details" time="0.003">
    <system-out><![CDATA[
Scenario: Retrieve offers for a specific NatWest client account &amp#27;[90m# bdd_exercise/cucumber/example.feature:18&amp#27;[0m
  &amp#27;[32mGiven &amp#27;[0m&amp#27;[32man example scenario&amp#27;[0m                                     &amp#27;[90m# bdd_exercise.StepDefinitions.anExampleScenario()&amp#27;[0m
  &amp#27;[32mWhen &amp#27;[0m&amp#27;[32mall step definitions are implemented&amp#27;[0m                     &amp#27;[90m# bdd_exercise.StepDefinitions.allStepDefinitionsAreImplemented()&amp#27;[0m
  &amp#27;[32mThen &amp#27;[0m&amp#27;[32mthe scenario passes&amp#27;[0m                                      &amp#27;[90m# bdd_exercise.StepDefinitions.theScenarioPasses()&amp#27;[0m
]]></system-out>
  </testcase>
</testsuite>